Arguments: 
  C:\Program Files\nodejs\node.exe C:\Program Files (x86)\Yarn\bin\yarn.js upgrade fresh

PATH: 
  C:\Ruby24-x64\bin;C:\Program Files (x86)\Common Files\Oracle\Java\javapath;C:\ProgramData\Oracle\Java\javapath;C:\Program Files (x86)\Intel\iCLS Client\;C:\Program Files\Intel\iCLS Client\;C:\Windows\system32;C:\Windows;C:\Windows\System32\Wbem;C:\Windows\System32\WindowsPowerShell\v1.0\;C:\Program Files (x86)\NVIDIA Corporation\PhysX\Common;C:\Program Files\Intel\Intel(R) Management Engine Components\DAL;C:\Program Files\Intel\Intel(R) Management Engine Components\IPT;C:\Program Files (x86)\Intel\Intel(R) Management Engine Components\DAL;C:\Program Files (x86)\Intel\Intel(R) Management Engine Components\IPT;C:\WINDOWS\system32;C:\WINDOWS;C:\WINDOWS\System32\Wbem;C:\WINDOWS\System32\WindowsPowerShell\v1.0\;C:\Program Files (x86)\Skype\Phone\;C:\Program Files\nodejs\;C:\Program Files (x86)\Windows Kits\8.1\Windows Performance Toolkit\;C:\WINDOWS\System32\OpenSSH\;C:\Program Files (x86)\Yarn\bin\;C:\Users\CarlosL\AppData\Local\Programs\Python\Python36-32\Scripts\;C:\Users\CarlosL\AppData\Local\Programs\Python\Python36-32\;C:\Users\CarlosL\AppData\Local\Microsoft\WindowsApps;C:\Users\CarlosL\AppData\Local\atom\bin;C:\Users\CarlosL\AppData\Local\Microsoft\WindowsApps;C:\Users\CarlosL\AppData\Roaming\npm;C:\Users\CarlosL\AppData\Local\Yarn\bin

Yarn version: 
  1.9.4

Node version: 
  8.11.3

Platform: 
  win32 x64

Trace: 
  SyntaxError: C:\Users\CarlosL\Desktop\Alphauno\package.json: Unexpected token } in JSON at position 1261
      at JSON.parse (<anonymous>)
      at C:\Program Files (x86)\Yarn\lib\cli.js:1130:59
      at Generator.next (<anonymous>)
      at step (C:\Program Files (x86)\Yarn\lib\cli.js:92:30)
      at C:\Program Files (x86)\Yarn\lib\cli.js:103:13
      at <anonymous>

npm manifest: 
  {
    "name": "alphauno",
    "private": true,
    "devDependencies": {
      "autoprefixer-core": "^5.2.1",
      "grunt": "^0.4.5",
      "grunt-angular-templates": "^0.5.7",
      "grunt-concurrent": "^1.0.0",
      "grunt-contrib-clean": "^0.6.0",
      "grunt-contrib-compass": "^1.0.0",
      "grunt-contrib-concat": "^0.5.0",
      "grunt-contrib-connect": "^0.9.0",
      "grunt-contrib-copy": "^0.7.0",
      "grunt-contrib-cssmin": "^1.0.2",
      "grunt-contrib-htmlmin": "^0.4.0",
      "grunt-contrib-imagemin": "^1.0.0",
      "grunt-contrib-jshint": "^0.11.0",
      "grunt-contrib-uglify": "^0.7.0",
      "grunt-contrib-watch": "^0.6.1",
      "grunt-filerev": "^2.1.2",
      "grunt-google-cdn": "^0.4.3",
      "grunt-jscs": "^1.8.0",
      "grunt-newer": "^1.1.0",
      "grunt-ng-annotate": "^0.9.2",
      "grunt-postcss": "^0.5.5",
      "grunt-svgmin": "^2.0.0",
      "grunt-usemin": "^3.0.0",
      "grunt-wiredep": "^2.0.0",
      "jasmine-core": "^3.1.0",
      "jit-grunt": "^0.9.1",
      "jshint-stylish": "^1.0.0",
      "karma": "^2.0.5",
      "karma-jasmine": "^1.1.2",
      "karma-phantomjs-launcher": "^1.0.4",
      "phantomjs-prebuilt": "^2.1.16",
      "time-grunt": "^1.0.0"
    },
    "engines": {
      "node": ">=0.10.0"
    },
    "scripts": {
      "test": "karma start test\\karma.conf.js"
    },
  }

yarn manifest: 
  No manifest

Lockfile: 
  No lockfile
